{
  "stats": {
    "suites": 2,
    "tests": 2,
    "passes": 2,
    "pending": 0,
    "failures": 0,
    "testsRegistered": 2,
    "passPercent": 100,
    "pendingPercent": 0,
    "other": 0,
    "hasOther": false,
    "skipped": 0,
    "hasSkipped": false,
    "start": "2025-06-03T17:58:43.420Z",
    "end": "2025-06-03T17:58:57.643Z",
    "duration": 14223
  },
  "results": [
    {
      "uuid": "5e5c8485-a90f-4a00-bb6a-1e5cfa4f6592",
      "title": "",
      "fullFile": "cypress\\e2e\\secondTest.spec.js",
      "file": "cypress\\e2e\\secondTest.spec.js",
      "beforeHooks": [],
      "afterHooks": [],
      "tests": [],
      "suites": [
        {
          "uuid": "6e5268fe-a31f-4b5b-b1c3-f4faf25257b4",
          "title": "Test Log Out",
          "fullFile": "",
          "file": "",
          "beforeHooks": [],
          "afterHooks": [],
          "tests": [
            {
              "title": "Verify user can log out Successfully",
              "fullTitle": "Test Log Out Verify user can log out Successfully",
              "timedOut": null,
              "duration": 2053,
              "state": "passed",
              "speed": "fast",
              "pass": true,
              "fail": false,
              "pending": false,
              "context": null,
              "code": "cy.contains('Settings').click();\ncy.contains('Or click here to logout.').click();\n//cy.url().should('include', '/login')",
              "err": {},
              "uuid": "bbbb87ae-ba36-4d52-89ec-5bb2cbeb4b6d",
              "parentUUID": "6e5268fe-a31f-4b5b-b1c3-f4faf25257b4",
              "isHook": false,
              "skipped": false
            }
          ],
          "suites": [],
          "passes": [
            "bbbb87ae-ba36-4d52-89ec-5bb2cbeb4b6d"
          ],
          "failures": [],
          "pending": [],
          "skipped": [],
          "duration": 2053,
          "root": false,
          "rootEmpty": false,
          "_timeout": 2000
        }
      ],
      "passes": [],
      "failures": [],
      "pending": [],
      "skipped": [],
      "duration": 0,
      "root": true,
      "rootEmpty": true,
      "_timeout": 2000
    },
    {
      "uuid": "df4c8d13-a7e4-4b10-abde-343d8bf7d921",
      "title": "",
      "fullFile": "cypress\\e2e\\firstTest.spec.js",
      "file": "cypress\\e2e\\firstTest.spec.js",
      "beforeHooks": [],
      "afterHooks": [],
      "tests": [],
      "suites": [
        {
          "uuid": "9b871a9c-ae8d-40eb-abc1-903e9d404db6",
          "title": "Test With backend",
          "fullFile": "",
          "file": "",
          "beforeHooks": [],
          "afterHooks": [],
          "tests": [
            {
              "title": "delete a new article in a global feed",
              "fullTitle": "Test With backend delete a new article in a global feed",
              "timedOut": null,
              "duration": 3216,
              "state": "passed",
              "speed": "fast",
              "pass": true,
              "fail": false,
              "pending": false,
              "context": null,
              "code": "const bodyRequest = {\n  \"article\": {\n    \"title\": \"Title\",\n    \"description\": \"description\",\n    \"body\": \"body\",\n    \"tagList\": []\n  }\n};\ncy.get('@token').then(token => {\n  cy.request({\n    url: Cypress.env('apiUrl') + '/articles/',\n    headers: {\n      'Authorization': 'Token ' + token\n    },\n    method: 'POST',\n    body: bodyRequest\n  }).then(response => {\n    expect(response.status).to.equal(201);\n  });\n  cy.contains('Global Feed').click();\n  cy.wait(1000);\n  cy.get('.article-preview').first().click();\n  cy.get('.article-actions').contains('Delete Article').click();\n  cy.request({\n    url: Cypress.env('apiUrl') + '/articles?limit=10&offset=0',\n    headers: {\n      'Authorization': 'Token ' + token\n    },\n    method: 'GET'\n  }).its('body').then(body => {\n    expect(body.articles[0].title).not.to.equal('Title');\n  });\n});",
              "err": {},
              "uuid": "90953ddc-ce4c-49ae-83a9-7dca447de2ac",
              "parentUUID": "9b871a9c-ae8d-40eb-abc1-903e9d404db6",
              "isHook": false,
              "skipped": false
            }
          ],
          "suites": [],
          "passes": [
            "90953ddc-ce4c-49ae-83a9-7dca447de2ac"
          ],
          "failures": [],
          "pending": [],
          "skipped": [],
          "duration": 3216,
          "root": false,
          "rootEmpty": false,
          "_timeout": 2000
        }
      ],
      "passes": [],
      "failures": [],
      "pending": [],
      "skipped": [],
      "duration": 0,
      "root": true,
      "rootEmpty": true,
      "_timeout": 2000
    }
  ],
  "meta": {
    "mocha": {
      "version": "7.0.1"
    },
    "mochawesome": {
      "options": {
        "quiet": false,
        "reportFilename": "mochawesome",
        "saveHtml": false,
        "saveJson": true,
        "consoleReporter": "spec",
        "useInlineDiffs": false,
        "code": true
      },
      "version": "7.1.3"
    },
    "marge": {
      "options": {
        "id": "default",
        "reportDir": "cypress/results/mochawesome",
        "overwrite": false,
        "html": false,
        "json": true
      },
      "version": "6.2.0"
    }
  }
}