{
  "stats": {
    "suites": 1,
    "tests": 1,
    "passes": 1,
    "pending": 0,
    "failures": 0,
    "start": "2025-06-04T15:37:57.700Z",
    "end": "2025-06-04T15:38:00.080Z",
    "duration": 2380,
    "testsRegistered": 1,
    "passPercent": 100,
    "pendingPercent": 0,
    "other": 0,
    "hasOther": false,
    "skipped": 0,
    "hasSkipped": false
  },
  "results": [
    {
      "uuid": "61018591-0437-43f9-bcb2-d5f29eeaa753",
      "title": "",
      "fullFile": "cypress\\e2e\\shadowDom.spec.js",
      "file": "cypress\\e2e\\shadowDom.spec.js",
      "beforeHooks": [],
      "afterHooks": [],
      "tests": [],
      "suites": [
        {
          "uuid": "ee99912f-5b05-45a7-a485-f199ccf23c9b",
          "title": "Test Shadow DOM",
          "fullFile": "",
          "file": "",
          "beforeHooks": [],
          "afterHooks": [],
          "tests": [
            {
              "title": "Verify Shadow DOM content",
              "fullTitle": "Test Shadow DOM Verify Shadow DOM content",
              "timedOut": null,
              "duration": 433,
              "state": "passed",
              "speed": "fast",
              "pass": true,
              "fail": false,
              "pending": false,
              "context": null,
              "code": "cy.visit('https://radogado.github.io/shadow-dom-demo/');\ncy.get('#app').shadow().find('#container');",
              "err": {},
              "uuid": "993a69f0-3025-4562-bd89-14457813f339",
              "parentUUID": "ee99912f-5b05-45a7-a485-f199ccf23c9b",
              "isHook": false,
              "skipped": false
            }
          ],
          "suites": [],
          "passes": [
            "993a69f0-3025-4562-bd89-14457813f339"
          ],
          "failures": [],
          "pending": [],
          "skipped": [],
          "duration": 433,
          "root": false,
          "rootEmpty": false,
          "_timeout": 2000
        }
      ],
      "passes": [],
      "failures": [],
      "pending": [],
      "skipped": [],
      "duration": 0,
      "root": true,
      "rootEmpty": true,
      "_timeout": 2000
    }
  ],
  "meta": {
    "mocha": {
      "version": "7.0.1"
    },
    "mochawesome": {
      "options": {
        "quiet": false,
        "reportFilename": "mochawesome",
        "saveHtml": false,
        "saveJson": true,
        "consoleReporter": "spec",
        "useInlineDiffs": false,
        "code": true
      },
      "version": "7.1.3"
    },
    "marge": {
      "options": {
        "id": "default",
        "reportDir": "cypress/results/mochawesome",
        "overwrite": false,
        "html": false,
        "json": true
      },
      "version": "6.2.0"
    }
  }
}