<?xml version="1.0"?>
<testsuites>
<testsuite name="Root Suite" timestamp="2025-06-03T17:58:43" tests="0" file="cypress\e2e\firstTest.spec.js" time="0.000" failures="0"></testsuite>
<testsuite name="Test With backend" timestamp="2025-06-03T17:58:43" tests="1" time="10.562" failures="0">
  
  <testcase name="Test With backend delete a new article in a global feed" time="3.216" classname="delete a new article in a global feed"></testcase>
  
</testsuite>

<testsuite name="Root Suite" timestamp="2025-06-03T17:58:55" tests="0" file="cypress\e2e\secondTest.spec.js" time="0.000" failures="0"></testsuite>
<testsuite name="Test Log Out" timestamp="2025-06-03T17:58:55" tests="1" time="2.084" failures="0">
  
  <testcase name="Test Log Out Verify user can log out Successfully" time="2.053" classname="Verify user can log out Successfully"></testcase>
  
</testsuite>

</testsuites>