<?xml version="1.0" encoding="UTF-8"?>
<testsuites name="Mocha Tests" time="11.133" tests="1" failures="0">
  <testsuite name="Root Suite" timestamp="2025-06-03T20:19:47" tests="0" file="cypress\e2e\firstTest.spec.js" time="0.000" failures="0">
  </testsuite>
  <testsuite name="Test With backend" timestamp="2025-06-03T20:19:47" tests="1" time="11.125" failures="0">
    <testcase name="Test With backend delete a new article in a global feed" time="3.422" classname="delete a new article in a global feed">
    </testcase>
  </testsuite>
</testsuites>